<?xml version="1.0" encoding="UTF-8"?>
<testsuite xmlns:xsi="http://www.w3.org/2001/XMLSchema-instance" xsi:noNamespaceSchemaLocation="https://maven.apache.org/surefire/maven-surefire-plugin/xsd/surefire-test-report.xsd" version="3.0.2" name="com.unilabs.gestionempleados.GestionEmpleadosApplicationTests" time="16.525" tests="1" errors="0" skipped="0" failures="0">
  <properties>
    <property name="java.specification.version" value="23"/>
    <property name="sun.jnu.encoding" value="UTF-8"/>
    <property name="java.class.path" value="/home/namu/Universidad del Quindío/Programación II/Prácticas/GestionEmpleados/target/test-classes:/home/namu/Universidad del Quindío/Programación II/Prácticas/GestionEmpleados/target/classes:/home/namu/.m2/repository/org/springframework/boot/spring-boot-starter-data-jpa/3.4.3/spring-boot-starter-data-jpa-3.4.3.jar:/home/namu/.m2/repository/org/springframework/boot/spring-boot-starter/3.4.3/spring-boot-starter-3.4.3.jar:/home/namu/.m2/repository/org/springframework/boot/spring-boot/3.4.3/spring-boot-3.4.3.jar:/home/namu/.m2/repository/org/springframework/boot/spring-boot-autoconfigure/3.4.3/spring-boot-autoconfigure-3.4.3.jar:/home/namu/.m2/repository/org/springframework/boot/spring-boot-starter-logging/3.4.3/spring-boot-starter-logging-3.4.3.jar:/home/namu/.m2/repository/ch/qos/logback/logback-classic/1.5.16/logback-classic-1.5.16.jar:/home/namu/.m2/repository/ch/qos/logback/logback-core/1.5.16/logback-core-1.5.16.jar:/home/namu/.m2/repository/org/apache/logging/log4j/log4j-to-slf4j/2.24.3/log4j-to-slf4j-2.24.3.jar:/home/namu/.m2/repository/org/apache/logging/log4j/log4j-api/2.24.3/log4j-api-2.24.3.jar:/home/namu/.m2/repository/org/slf4j/jul-to-slf4j/2.0.16/jul-to-slf4j-2.0.16.jar:/home/namu/.m2/repository/jakarta/annotation/jakarta.annotation-api/2.1.1/jakarta.annotation-api-2.1.1.jar:/home/namu/.m2/repository/org/yaml/snakeyaml/2.3/snakeyaml-2.3.jar:/home/namu/.m2/repository/org/springframework/boot/spring-boot-starter-jdbc/3.4.3/spring-boot-starter-jdbc-3.4.3.jar:/home/namu/.m2/repository/com/zaxxer/HikariCP/5.1.0/HikariCP-5.1.0.jar:/home/namu/.m2/repository/org/springframework/spring-jdbc/6.2.3/spring-jdbc-6.2.3.jar:/home/namu/.m2/repository/org/hibernate/orm/hibernate-core/6.6.8.Final/hibernate-core-6.6.8.Final.jar:/home/namu/.m2/repository/jakarta/persistence/jakarta.persistence-api/3.1.0/jakarta.persistence-api-3.1.0.jar:/home/namu/.m2/repository/jakarta/transaction/jakarta.transaction-api/2.0.1/jakarta.transaction-api-2.0.1.jar:/home/namu/.m2/repository/org/jboss/logging/jboss-logging/3.6.1.Final/jboss-logging-3.6.1.Final.jar:/home/namu/.m2/repository/org/hibernate/common/hibernate-commons-annotations/7.0.3.Final/hibernate-commons-annotations-7.0.3.Final.jar:/home/namu/.m2/repository/io/smallrye/jandex/3.2.0/jandex-3.2.0.jar:/home/namu/.m2/repository/com/fasterxml/classmate/1.7.0/classmate-1.7.0.jar:/home/namu/.m2/repository/net/bytebuddy/byte-buddy/1.15.11/byte-buddy-1.15.11.jar:/home/namu/.m2/repository/org/glassfish/jaxb/jaxb-runtime/4.0.5/jaxb-runtime-4.0.5.jar:/home/namu/.m2/repository/org/glassfish/jaxb/jaxb-core/4.0.5/jaxb-core-4.0.5.jar:/home/namu/.m2/repository/org/eclipse/angus/angus-activation/2.0.2/angus-activation-2.0.2.jar:/home/namu/.m2/repository/org/glassfish/jaxb/txw2/4.0.5/txw2-4.0.5.jar:/home/namu/.m2/repository/com/sun/istack/istack-commons-runtime/4.1.2/istack-commons-runtime-4.1.2.jar:/home/namu/.m2/repository/jakarta/inject/jakarta.inject-api/2.0.1/jakarta.inject-api-2.0.1.jar:/home/namu/.m2/repository/org/antlr/antlr4-runtime/4.13.0/antlr4-runtime-4.13.0.jar:/home/namu/.m2/repository/org/springframework/data/spring-data-jpa/3.4.3/spring-data-jpa-3.4.3.jar:/home/namu/.m2/repository/org/springframework/data/spring-data-commons/3.4.3/spring-data-commons-3.4.3.jar:/home/namu/.m2/repository/org/springframework/spring-orm/6.2.3/spring-orm-6.2.3.jar:/home/namu/.m2/repository/org/springframework/spring-context/6.2.3/spring-context-6.2.3.jar:/home/namu/.m2/repository/org/springframework/spring-expression/6.2.3/spring-expression-6.2.3.jar:/home/namu/.m2/repository/io/micrometer/micrometer-observation/1.14.4/micrometer-observation-1.14.4.jar:/home/namu/.m2/repository/io/micrometer/micrometer-commons/1.14.4/micrometer-commons-1.14.4.jar:/home/namu/.m2/repository/org/springframework/spring-aop/6.2.3/spring-aop-6.2.3.jar:/home/namu/.m2/repository/org/springframework/spring-tx/6.2.3/spring-tx-6.2.3.jar:/home/namu/.m2/repository/org/springframework/spring-beans/6.2.3/spring-beans-6.2.3.jar:/home/namu/.m2/repository/org/slf4j/slf4j-api/2.0.16/slf4j-api-2.0.16.jar:/home/namu/.m2/repository/org/springframework/spring-aspects/6.2.3/spring-aspects-6.2.3.jar:/home/namu/.m2/repository/org/aspectj/aspectjweaver/1.9.22.1/aspectjweaver-1.9.22.1.jar:/home/namu/.m2/repository/com/vaadin/vaadin-spring-boot-starter/24.6.5/vaadin-spring-boot-starter-24.6.5.jar:/home/namu/.m2/repository/com/vaadin/vaadin-spring/24.6.5/vaadin-spring-24.6.5.jar:/home/namu/.m2/repository/com/vaadin/flow-server/24.6.5/flow-server-24.6.5.jar:/home/namu/.m2/repository/com/vaadin/servletdetector/throw-if-servlet3/1.0.2/throw-if-servlet3-1.0.2.jar:/home/namu/.m2/repository/org/jspecify/jspecify/1.0.0/jspecify-1.0.0.jar:/home/namu/.m2/repository/com/vaadin/external/gwt/gwt-elemental/2.8.2.vaadin2/gwt-elemental-2.8.2.vaadin2.jar:/home/namu/.m2/repository/org/apache/commons/commons-fileupload2-jakarta/2.0.0-M1/commons-fileupload2-jakarta-2.0.0-M1.jar:/home/namu/.m2/repository/org/apache/commons/commons-fileupload2-core/2.0.0-M1/commons-fileupload2-core-2.0.0-M1.jar:/home/namu/.m2/repository/commons-io/commons-io/2.18.0/commons-io-2.18.0.jar:/home/namu/.m2/repository/com/fasterxml/jackson/core/jackson-core/2.18.2/jackson-core-2.18.2.jar:/home/namu/.m2/repository/com/fasterxml/jackson/core/jackson-databind/2.18.2/jackson-databind-2.18.2.jar:/home/namu/.m2/repository/com/fasterxml/jackson/core/jackson-annotations/2.18.2/jackson-annotations-2.18.2.jar:/home/namu/.m2/repository/com/fasterxml/jackson/datatype/jackson-datatype-jsr310/2.18.2/jackson-datatype-jsr310-2.18.2.jar:/home/namu/.m2/repository/org/jsoup/jsoup/1.18.1/jsoup-1.18.1.jar:/home/namu/.m2/repository/com/helger/ph-css/7.0.3/ph-css-7.0.3.jar:/home/namu/.m2/repository/com/helger/commons/ph-commons/11.1.8/ph-commons-11.1.8.jar:/home/namu/.m2/repository/org/ow2/asm/asm/9.7.1/asm-9.7.1.jar:/home/namu/.m2/repository/com/vaadin/external/gentyref/1.2.0.vaadin1/gentyref-1.2.0.vaadin1.jar:/home/namu/.m2/repository/org/apache/commons/commons-compress/1.27.1/commons-compress-1.27.1.jar:/home/namu/.m2/repository/commons-codec/commons-codec/1.17.2/commons-codec-1.17.2.jar:/home/namu/.m2/repository/com/vaadin/flow-push/24.6.5/flow-push-24.6.5.jar:/home/namu/.m2/repository/com/vaadin/external/atmosphere/atmosphere-runtime/3.0.5.slf4jvaadin1/atmosphere-runtime-3.0.5.slf4jvaadin1.jar:/home/namu/.m2/repository/com/vaadin/flow-client/24.6.5/flow-client-24.6.5.jar:/home/namu/.m2/repository/org/springframework/spring-webmvc/6.2.3/spring-webmvc-6.2.3.jar:/home/namu/.m2/repository/org/springframework/spring-websocket/6.2.3/spring-websocket-6.2.3.jar:/home/namu/.m2/repository/org/hibernate/validator/hibernate-validator/8.0.2.Final/hibernate-validator-8.0.2.Final.jar:/home/namu/.m2/repository/jakarta/validation/jakarta.validation-api/3.0.2/jakarta.validation-api-3.0.2.jar:/home/namu/.m2/repository/org/reflections/reflections/0.10.2/reflections-0.10.2.jar:/home/namu/.m2/repository/com/google/code/findbugs/jsr305/3.0.2/jsr305-3.0.2.jar:/home/namu/.m2/repository/org/javassist/javassist/3.30.2-GA/javassist-3.30.2-GA.jar:/home/namu/.m2/repository/com/vaadin/hilla/24.6.5/hilla-24.6.5.jar:/home/namu/.m2/repository/com/vaadin/hilla-endpoint/24.6.5/hilla-endpoint-24.6.5.jar:/home/namu/.m2/repository/com/vaadin/hilla-engine-core/24.6.5/hilla-engine-core-24.6.5.jar:/home/namu/.m2/repository/com/vaadin/hilla-parser-jvm-core/24.6.5/hilla-parser-jvm-core-24.6.5.jar:/home/namu/.m2/repository/io/github/classgraph/classgraph/4.8.179/classgraph-4.8.179.jar:/home/namu/.m2/repository/com/fasterxml/jackson/dataformat/jackson-dataformat-yaml/2.18.2/jackson-dataformat-yaml-2.18.2.jar:/home/namu/.m2/repository/com/vaadin/hilla-parser-jvm-plugin-backbone/24.6.5/hilla-parser-jvm-plugin-backbone-24.6.5.jar:/home/namu/.m2/repository/com/vaadin/hilla-parser-jvm-plugin-nonnull/24.6.5/hilla-parser-jvm-plugin-nonnull-24.6.5.jar:/home/namu/.m2/repository/com/vaadin/hilla-parser-jvm-plugin-subtypes/24.6.5/hilla-parser-jvm-plugin-subtypes-24.6.5.jar:/home/namu/.m2/repository/com/vaadin/hilla-parser-jvm-plugin-model/24.6.5/hilla-parser-jvm-plugin-model-24.6.5.jar:/home/namu/.m2/repository/com/vaadin/hilla-parser-jvm-plugin-transfertypes/24.6.5/hilla-parser-jvm-plugin-transfertypes-24.6.5.jar:/home/namu/.m2/repository/io/projectreactor/reactor-core/3.7.3/reactor-core-3.7.3.jar:/home/namu/.m2/repository/org/reactivestreams/reactive-streams/1.0.4/reactive-streams-1.0.4.jar:/home/namu/.m2/repository/com/fasterxml/jackson/module/jackson-module-parameter-names/2.18.2/jackson-module-parameter-names-2.18.2.jar:/home/namu/.m2/repository/com/fasterxml/jackson/datatype/jackson-datatype-jdk8/2.18.2/jackson-datatype-jdk8-2.18.2.jar:/home/namu/.m2/repository/org/springframework/security/spring-security-core/6.4.3/spring-security-core-6.4.3.jar:/home/namu/.m2/repository/org/springframework/security/spring-security-crypto/6.4.3/spring-security-crypto-6.4.3.jar:/home/namu/.m2/repository/com/github/javaparser/javaparser-symbol-solver-core/3.26.2/javaparser-symbol-solver-core-3.26.2.jar:/home/namu/.m2/repository/com/github/javaparser/javaparser-core/3.26.2/javaparser-core-3.26.2.jar:/home/namu/.m2/repository/com/google/guava/guava/33.3.0-jre/guava-33.3.0-jre.jar:/home/namu/.m2/repository/com/google/guava/failureaccess/1.0.2/failureaccess-1.0.2.jar:/home/namu/.m2/repository/com/google/guava/listenablefuture/9999.0-empty-to-avoid-conflict-with-guava/listenablefuture-9999.0-empty-to-avoid-conflict-with-guava.jar:/home/namu/.m2/repository/org/checkerframework/checker-qual/3.43.0/checker-qual-3.43.0.jar:/home/namu/.m2/repository/com/google/errorprone/error_prone_annotations/2.28.0/error_prone_annotations-2.28.0.jar:/home/namu/.m2/repository/com/google/j2objc/j2objc-annotations/3.0.0/j2objc-annotations-3.0.0.jar:/home/namu/.m2/repository/com/vaadin/hilla-parser-jvm-utils/24.6.5/hilla-parser-jvm-utils-24.6.5.jar:/home/namu/.m2/repository/io/swagger/core/v3/swagger-core/2.2.26/swagger-core-2.2.26.jar:/home/namu/.m2/repository/io/swagger/core/v3/swagger-annotations/2.2.26/swagger-annotations-2.2.26.jar:/home/namu/.m2/repository/io/swagger/core/v3/swagger-models/2.2.26/swagger-models-2.2.26.jar:/home/namu/.m2/repository/com/vaadin/hilla-runtime-plugin-transfertypes/24.6.5/hilla-runtime-plugin-transfertypes-24.6.5.jar:/home/namu/.m2/repository/com/vaadin/hilla-engine-runtime/24.6.5/hilla-engine-runtime-24.6.5.jar:/home/namu/.m2/repository/org/springframework/boot/spring-boot-starter-web/3.4.3/spring-boot-starter-web-3.4.3.jar:/home/namu/.m2/repository/org/springframework/boot/spring-boot-starter-json/3.4.3/spring-boot-starter-json-3.4.3.jar:/home/namu/.m2/repository/org/springframework/boot/spring-boot-starter-tomcat/3.4.3/spring-boot-starter-tomcat-3.4.3.jar:/home/namu/.m2/repository/org/apache/tomcat/embed/tomcat-embed-core/10.1.36/tomcat-embed-core-10.1.36.jar:/home/namu/.m2/repository/org/apache/tomcat/embed/tomcat-embed-el/10.1.36/tomcat-embed-el-10.1.36.jar:/home/namu/.m2/repository/org/apache/tomcat/embed/tomcat-embed-websocket/10.1.36/tomcat-embed-websocket-10.1.36.jar:/home/namu/.m2/repository/org/springframework/spring-web/6.2.3/spring-web-6.2.3.jar:/home/namu/.m2/repository/com/h2database/h2/2.3.232/h2-2.3.232.jar:/home/namu/.m2/repository/org/projectlombok/lombok/1.18.36/lombok-1.18.36.jar:/home/namu/.m2/repository/org/springframework/boot/spring-boot-starter-test/3.4.3/spring-boot-starter-test-3.4.3.jar:/home/namu/.m2/repository/org/springframework/boot/spring-boot-test/3.4.3/spring-boot-test-3.4.3.jar:/home/namu/.m2/repository/org/springframework/boot/spring-boot-test-autoconfigure/3.4.3/spring-boot-test-autoconfigure-3.4.3.jar:/home/namu/.m2/repository/com/jayway/jsonpath/json-path/2.9.0/json-path-2.9.0.jar:/home/namu/.m2/repository/jakarta/xml/bind/jakarta.xml.bind-api/4.0.2/jakarta.xml.bind-api-4.0.2.jar:/home/namu/.m2/repository/jakarta/activation/jakarta.activation-api/2.1.3/jakarta.activation-api-2.1.3.jar:/home/namu/.m2/repository/net/minidev/json-smart/2.5.2/json-smart-2.5.2.jar:/home/namu/.m2/repository/net/minidev/accessors-smart/2.5.2/accessors-smart-2.5.2.jar:/home/namu/.m2/repository/org/assertj/assertj-core/3.26.3/assertj-core-3.26.3.jar:/home/namu/.m2/repository/org/awaitility/awaitility/4.2.2/awaitility-4.2.2.jar:/home/namu/.m2/repository/org/hamcrest/hamcrest/2.2/hamcrest-2.2.jar:/home/namu/.m2/repository/org/junit/jupiter/junit-jupiter/5.11.4/junit-jupiter-5.11.4.jar:/home/namu/.m2/repository/org/junit/jupiter/junit-jupiter-api/5.11.4/junit-jupiter-api-5.11.4.jar:/home/namu/.m2/repository/org/opentest4j/opentest4j/1.3.0/opentest4j-1.3.0.jar:/home/namu/.m2/repository/org/junit/platform/junit-platform-commons/1.11.4/junit-platform-commons-1.11.4.jar:/home/namu/.m2/repository/org/apiguardian/apiguardian-api/1.1.2/apiguardian-api-1.1.2.jar:/home/namu/.m2/repository/org/junit/jupiter/junit-jupiter-params/5.11.4/junit-jupiter-params-5.11.4.jar:/home/namu/.m2/repository/org/junit/jupiter/junit-jupiter-engine/5.11.4/junit-jupiter-engine-5.11.4.jar:/home/namu/.m2/repository/org/junit/platform/junit-platform-engine/1.11.4/junit-platform-engine-1.11.4.jar:/home/namu/.m2/repository/org/mockito/mockito-core/5.14.2/mockito-core-5.14.2.jar:/home/namu/.m2/repository/net/bytebuddy/byte-buddy-agent/1.15.11/byte-buddy-agent-1.15.11.jar:/home/namu/.m2/repository/org/objenesis/objenesis/3.3/objenesis-3.3.jar:/home/namu/.m2/repository/org/mockito/mockito-junit-jupiter/5.14.2/mockito-junit-jupiter-5.14.2.jar:/home/namu/.m2/repository/org/skyscreamer/jsonassert/1.5.3/jsonassert-1.5.3.jar:/home/namu/.m2/repository/com/vaadin/external/google/android-json/0.0.20131108.vaadin1/android-json-0.0.20131108.vaadin1.jar:/home/namu/.m2/repository/org/springframework/spring-core/6.2.3/spring-core-6.2.3.jar:/home/namu/.m2/repository/org/springframework/spring-jcl/6.2.3/spring-jcl-6.2.3.jar:/home/namu/.m2/repository/org/springframework/spring-test/6.2.3/spring-test-6.2.3.jar:/home/namu/.m2/repository/org/xmlunit/xmlunit-core/2.10.0/xmlunit-core-2.10.0.jar:/home/namu/.m2/repository/com/vaadin/vaadin-crud-flow/24.6.5/vaadin-crud-flow-24.6.5.jar:/home/namu/.m2/repository/com/vaadin/vaadin-flow-components-base/24.6.5/vaadin-flow-components-base-24.6.5.jar:/home/namu/.m2/repository/com/vaadin/flow-data/24.6.5/flow-data-24.6.5.jar:/home/namu/.m2/repository/com/vaadin/vaadin-text-field-flow/24.6.5/vaadin-text-field-flow-24.6.5.jar:/home/namu/.m2/repository/com/vaadin/vaadin-grid-flow/24.6.5/vaadin-grid-flow-24.6.5.jar:/home/namu/.m2/repository/com/vaadin/vaadin-context-menu-flow/24.6.5/vaadin-context-menu-flow-24.6.5.jar:/home/namu/.m2/repository/org/apache/commons/commons-lang3/3.17.0/commons-lang3-3.17.0.jar:/home/namu/.m2/repository/com/vaadin/vaadin-button-flow/24.6.5/vaadin-button-flow-24.6.5.jar:/home/namu/.m2/repository/com/vaadin/vaadin-renderer-flow/24.6.5/vaadin-renderer-flow-24.6.5.jar:/home/namu/.m2/repository/com/vaadin/vaadin-date-time-picker-flow/24.6.5/vaadin-date-time-picker-flow-24.6.5.jar:/home/namu/.m2/repository/com/vaadin/vaadin-date-picker-flow/24.6.5/vaadin-date-picker-flow-24.6.5.jar:/home/namu/.m2/repository/com/vaadin/vaadin-time-picker-flow/24.6.5/vaadin-time-picker-flow-24.6.5.jar:/home/namu/.m2/repository/com/vaadin/vaadin-core/24.6.5/vaadin-core-24.6.5.jar:/home/namu/.m2/repository/com/vaadin/vaadin-core-internal/24.6.5/vaadin-core-internal-24.6.5.jar:/home/namu/.m2/repository/com/vaadin/flow-lit-template/24.6.5/flow-lit-template-24.6.5.jar:/home/namu/.m2/repository/com/vaadin/flow-react/24.6.5/flow-react-24.6.5.jar:/home/namu/.m2/repository/com/vaadin/flow-html-components/24.6.5/flow-html-components-24.6.5.jar:/home/namu/.m2/repository/com/vaadin/flow-dnd/24.6.5/flow-dnd-24.6.5.jar:/home/namu/.m2/repository/com/vaadin/vaadin-lumo-theme/24.6.5/vaadin-lumo-theme-24.6.5.jar:/home/namu/.m2/repository/com/vaadin/vaadin-icons-flow/24.6.5/vaadin-icons-flow-24.6.5.jar:/home/namu/.m2/repository/com/vaadin/vaadin-material-theme/24.6.5/vaadin-material-theme-24.6.5.jar:/home/namu/.m2/repository/com/vaadin/vaadin-core-components/24.6.5/vaadin-core-components-24.6.5.jar:/home/namu/.m2/repository/com/vaadin/vaadin-accordion-flow/24.6.5/vaadin-accordion-flow-24.6.5.jar:/home/namu/.m2/repository/com/vaadin/vaadin-avatar-flow/24.6.5/vaadin-avatar-flow-24.6.5.jar:/home/namu/.m2/repository/com/vaadin/vaadin-checkbox-flow/24.6.5/vaadin-checkbox-flow-24.6.5.jar:/home/namu/.m2/repository/com/vaadin/vaadin-combo-box-flow/24.6.5/vaadin-combo-box-flow-24.6.5.jar:/home/namu/.m2/repository/com/vaadin/vaadin-confirm-dialog-flow/24.6.5/vaadin-confirm-dialog-flow-24.6.5.jar:/home/namu/.m2/repository/com/vaadin/vaadin-custom-field-flow/24.6.5/vaadin-custom-field-flow-24.6.5.jar:/home/namu/.m2/repository/com/vaadin/vaadin-details-flow/24.6.5/vaadin-details-flow-24.6.5.jar:/home/namu/.m2/repository/com/vaadin/vaadin-select-flow/24.6.5/vaadin-select-flow-24.6.5.jar:/home/namu/.m2/repository/com/vaadin/vaadin-side-nav-flow/24.6.5/vaadin-side-nav-flow-24.6.5.jar:/home/namu/.m2/repository/com/vaadin/vaadin-dialog-flow/24.6.5/vaadin-dialog-flow-24.6.5.jar:/home/namu/.m2/repository/com/vaadin/vaadin-form-layout-flow/24.6.5/vaadin-form-layout-flow-24.6.5.jar:/home/namu/.m2/repository/com/vaadin/vaadin-field-highlighter-flow/24.6.5/vaadin-field-highlighter-flow-24.6.5.jar:/home/namu/.m2/repository/com/vaadin/vaadin-virtual-list-flow/24.6.5/vaadin-virtual-list-flow-24.6.5.jar:/home/namu/.m2/repository/com/vaadin/vaadin-list-box-flow/24.6.5/vaadin-list-box-flow-24.6.5.jar:/home/namu/.m2/repository/com/vaadin/vaadin-login-flow/24.6.5/vaadin-login-flow-24.6.5.jar:/home/namu/.m2/repository/com/vaadin/vaadin-messages-flow/24.6.5/vaadin-messages-flow-24.6.5.jar:/home/namu/.m2/repository/com/vaadin/vaadin-ordered-layout-flow/24.6.5/vaadin-ordered-layout-flow-24.6.5.jar:/home/namu/.m2/repository/com/vaadin/vaadin-progress-bar-flow/24.6.5/vaadin-progress-bar-flow-24.6.5.jar:/home/namu/.m2/repository/com/vaadin/vaadin-popover-flow/24.6.5/vaadin-popover-flow-24.6.5.jar:/home/namu/.m2/repository/com/vaadin/vaadin-radio-button-flow/24.6.5/vaadin-radio-button-flow-24.6.5.jar:/home/namu/.m2/repository/com/vaadin/vaadin-split-layout-flow/24.6.5/vaadin-split-layout-flow-24.6.5.jar:/home/namu/.m2/repository/com/vaadin/vaadin-tabs-flow/24.6.5/vaadin-tabs-flow-24.6.5.jar:/home/namu/.m2/repository/com/vaadin/vaadin-upload-flow/24.6.5/vaadin-upload-flow-24.6.5.jar:/home/namu/.m2/repository/com/vaadin/vaadin-notification-flow/24.6.5/vaadin-notification-flow-24.6.5.jar:/home/namu/.m2/repository/com/vaadin/vaadin-app-layout-flow/24.6.5/vaadin-app-layout-flow-24.6.5.jar:/home/namu/.m2/repository/com/vaadin/vaadin-menu-bar-flow/24.6.5/vaadin-menu-bar-flow-24.6.5.jar:/home/namu/.m2/repository/com/vaadin/collaboration-engine/6.4.0/collaboration-engine-6.4.0.jar:"/>
    <property name="java.vm.vendor" value="Arch Linux"/>
    <property name="sun.arch.data.model" value="64"/>
    <property name="spring.devtools.livereload.port" value="35729"/>
    <property name="java.vendor.url" value="https://openjdk.org/"/>
    <property name="user.timezone" value="America/Bogota"/>
    <property name="org.jboss.logging.provider" value="slf4j"/>
    <property name="os.name" value="Linux"/>
    <property name="java.vm.specification.version" value="23"/>
    <property name="APPLICATION_NAME" value="GestionEmpleados"/>
    <property name="sun.java.launcher" value="SUN_STANDARD"/>
    <property name="user.country" value="US"/>
    <property name="sun.boot.library.path" value="/usr/lib/jvm/java-23-openjdk/lib"/>
    <property name="sun.java.command" value="/home/namu/Universidad del Quindío/Programación II/Prácticas/GestionEmpleados/target/surefire/surefirebooter-20250225155821109_3.jar /home/namu/Universidad del Quindío/Programación II/Prácticas/GestionEmpleados/target/surefire 2025-02-25T15-58-20_659-jvmRun1 surefire-20250225155821109_1tmp surefire_0-20250225155821109_2tmp"/>
    <property name="jdk.debug" value="release"/>
    <property name="surefire.test.class.path" value="/home/namu/Universidad del Quindío/Programación II/Prácticas/GestionEmpleados/target/test-classes:/home/namu/Universidad del Quindío/Programación II/Prácticas/GestionEmpleados/target/classes:/home/namu/.m2/repository/org/springframework/boot/spring-boot-starter-data-jpa/3.4.3/spring-boot-starter-data-jpa-3.4.3.jar:/home/namu/.m2/repository/org/springframework/boot/spring-boot-starter/3.4.3/spring-boot-starter-3.4.3.jar:/home/namu/.m2/repository/org/springframework/boot/spring-boot/3.4.3/spring-boot-3.4.3.jar:/home/namu/.m2/repository/org/springframework/boot/spring-boot-autoconfigure/3.4.3/spring-boot-autoconfigure-3.4.3.jar:/home/namu/.m2/repository/org/springframework/boot/spring-boot-starter-logging/3.4.3/spring-boot-starter-logging-3.4.3.jar:/home/namu/.m2/repository/ch/qos/logback/logback-classic/1.5.16/logback-classic-1.5.16.jar:/home/namu/.m2/repository/ch/qos/logback/logback-core/1.5.16/logback-core-1.5.16.jar:/home/namu/.m2/repository/org/apache/logging/log4j/log4j-to-slf4j/2.24.3/log4j-to-slf4j-2.24.3.jar:/home/namu/.m2/repository/org/apache/logging/log4j/log4j-api/2.24.3/log4j-api-2.24.3.jar:/home/namu/.m2/repository/org/slf4j/jul-to-slf4j/2.0.16/jul-to-slf4j-2.0.16.jar:/home/namu/.m2/repository/jakarta/annotation/jakarta.annotation-api/2.1.1/jakarta.annotation-api-2.1.1.jar:/home/namu/.m2/repository/org/yaml/snakeyaml/2.3/snakeyaml-2.3.jar:/home/namu/.m2/repository/org/springframework/boot/spring-boot-starter-jdbc/3.4.3/spring-boot-starter-jdbc-3.4.3.jar:/home/namu/.m2/repository/com/zaxxer/HikariCP/5.1.0/HikariCP-5.1.0.jar:/home/namu/.m2/repository/org/springframework/spring-jdbc/6.2.3/spring-jdbc-6.2.3.jar:/home/namu/.m2/repository/org/hibernate/orm/hibernate-core/6.6.8.Final/hibernate-core-6.6.8.Final.jar:/home/namu/.m2/repository/jakarta/persistence/jakarta.persistence-api/3.1.0/jakarta.persistence-api-3.1.0.jar:/home/namu/.m2/repository/jakarta/transaction/jakarta.transaction-api/2.0.1/jakarta.transaction-api-2.0.1.jar:/home/namu/.m2/repository/org/jboss/logging/jboss-logging/3.6.1.Final/jboss-logging-3.6.1.Final.jar:/home/namu/.m2/repository/org/hibernate/common/hibernate-commons-annotations/7.0.3.Final/hibernate-commons-annotations-7.0.3.Final.jar:/home/namu/.m2/repository/io/smallrye/jandex/3.2.0/jandex-3.2.0.jar:/home/namu/.m2/repository/com/fasterxml/classmate/1.7.0/classmate-1.7.0.jar:/home/namu/.m2/repository/net/bytebuddy/byte-buddy/1.15.11/byte-buddy-1.15.11.jar:/home/namu/.m2/repository/org/glassfish/jaxb/jaxb-runtime/4.0.5/jaxb-runtime-4.0.5.jar:/home/namu/.m2/repository/org/glassfish/jaxb/jaxb-core/4.0.5/jaxb-core-4.0.5.jar:/home/namu/.m2/repository/org/eclipse/angus/angus-activation/2.0.2/angus-activation-2.0.2.jar:/home/namu/.m2/repository/org/glassfish/jaxb/txw2/4.0.5/txw2-4.0.5.jar:/home/namu/.m2/repository/com/sun/istack/istack-commons-runtime/4.1.2/istack-commons-runtime-4.1.2.jar:/home/namu/.m2/repository/jakarta/inject/jakarta.inject-api/2.0.1/jakarta.inject-api-2.0.1.jar:/home/namu/.m2/repository/org/antlr/antlr4-runtime/4.13.0/antlr4-runtime-4.13.0.jar:/home/namu/.m2/repository/org/springframework/data/spring-data-jpa/3.4.3/spring-data-jpa-3.4.3.jar:/home/namu/.m2/repository/org/springframework/data/spring-data-commons/3.4.3/spring-data-commons-3.4.3.jar:/home/namu/.m2/repository/org/springframework/spring-orm/6.2.3/spring-orm-6.2.3.jar:/home/namu/.m2/repository/org/springframework/spring-context/6.2.3/spring-context-6.2.3.jar:/home/namu/.m2/repository/org/springframework/spring-expression/6.2.3/spring-expression-6.2.3.jar:/home/namu/.m2/repository/io/micrometer/micrometer-observation/1.14.4/micrometer-observation-1.14.4.jar:/home/namu/.m2/repository/io/micrometer/micrometer-commons/1.14.4/micrometer-commons-1.14.4.jar:/home/namu/.m2/repository/org/springframework/spring-aop/6.2.3/spring-aop-6.2.3.jar:/home/namu/.m2/repository/org/springframework/spring-tx/6.2.3/spring-tx-6.2.3.jar:/home/namu/.m2/repository/org/springframework/spring-beans/6.2.3/spring-beans-6.2.3.jar:/home/namu/.m2/repository/org/slf4j/slf4j-api/2.0.16/slf4j-api-2.0.16.jar:/home/namu/.m2/repository/org/springframework/spring-aspects/6.2.3/spring-aspects-6.2.3.jar:/home/namu/.m2/repository/org/aspectj/aspectjweaver/1.9.22.1/aspectjweaver-1.9.22.1.jar:/home/namu/.m2/repository/com/vaadin/vaadin-spring-boot-starter/24.6.5/vaadin-spring-boot-starter-24.6.5.jar:/home/namu/.m2/repository/com/vaadin/vaadin-spring/24.6.5/vaadin-spring-24.6.5.jar:/home/namu/.m2/repository/com/vaadin/flow-server/24.6.5/flow-server-24.6.5.jar:/home/namu/.m2/repository/com/vaadin/servletdetector/throw-if-servlet3/1.0.2/throw-if-servlet3-1.0.2.jar:/home/namu/.m2/repository/org/jspecify/jspecify/1.0.0/jspecify-1.0.0.jar:/home/namu/.m2/repository/com/vaadin/external/gwt/gwt-elemental/2.8.2.vaadin2/gwt-elemental-2.8.2.vaadin2.jar:/home/namu/.m2/repository/org/apache/commons/commons-fileupload2-jakarta/2.0.0-M1/commons-fileupload2-jakarta-2.0.0-M1.jar:/home/namu/.m2/repository/org/apache/commons/commons-fileupload2-core/2.0.0-M1/commons-fileupload2-core-2.0.0-M1.jar:/home/namu/.m2/repository/commons-io/commons-io/2.18.0/commons-io-2.18.0.jar:/home/namu/.m2/repository/com/fasterxml/jackson/core/jackson-core/2.18.2/jackson-core-2.18.2.jar:/home/namu/.m2/repository/com/fasterxml/jackson/core/jackson-databind/2.18.2/jackson-databind-2.18.2.jar:/home/namu/.m2/repository/com/fasterxml/jackson/core/jackson-annotations/2.18.2/jackson-annotations-2.18.2.jar:/home/namu/.m2/repository/com/fasterxml/jackson/datatype/jackson-datatype-jsr310/2.18.2/jackson-datatype-jsr310-2.18.2.jar:/home/namu/.m2/repository/org/jsoup/jsoup/1.18.1/jsoup-1.18.1.jar:/home/namu/.m2/repository/com/helger/ph-css/7.0.3/ph-css-7.0.3.jar:/home/namu/.m2/repository/com/helger/commons/ph-commons/11.1.8/ph-commons-11.1.8.jar:/home/namu/.m2/repository/org/ow2/asm/asm/9.7.1/asm-9.7.1.jar:/home/namu/.m2/repository/com/vaadin/external/gentyref/1.2.0.vaadin1/gentyref-1.2.0.vaadin1.jar:/home/namu/.m2/repository/org/apache/commons/commons-compress/1.27.1/commons-compress-1.27.1.jar:/home/namu/.m2/repository/commons-codec/commons-codec/1.17.2/commons-codec-1.17.2.jar:/home/namu/.m2/repository/com/vaadin/flow-push/24.6.5/flow-push-24.6.5.jar:/home/namu/.m2/repository/com/vaadin/external/atmosphere/atmosphere-runtime/3.0.5.slf4jvaadin1/atmosphere-runtime-3.0.5.slf4jvaadin1.jar:/home/namu/.m2/repository/com/vaadin/flow-client/24.6.5/flow-client-24.6.5.jar:/home/namu/.m2/repository/org/springframework/spring-webmvc/6.2.3/spring-webmvc-6.2.3.jar:/home/namu/.m2/repository/org/springframework/spring-websocket/6.2.3/spring-websocket-6.2.3.jar:/home/namu/.m2/repository/org/hibernate/validator/hibernate-validator/8.0.2.Final/hibernate-validator-8.0.2.Final.jar:/home/namu/.m2/repository/jakarta/validation/jakarta.validation-api/3.0.2/jakarta.validation-api-3.0.2.jar:/home/namu/.m2/repository/org/reflections/reflections/0.10.2/reflections-0.10.2.jar:/home/namu/.m2/repository/com/google/code/findbugs/jsr305/3.0.2/jsr305-3.0.2.jar:/home/namu/.m2/repository/org/javassist/javassist/3.30.2-GA/javassist-3.30.2-GA.jar:/home/namu/.m2/repository/com/vaadin/hilla/24.6.5/hilla-24.6.5.jar:/home/namu/.m2/repository/com/vaadin/hilla-endpoint/24.6.5/hilla-endpoint-24.6.5.jar:/home/namu/.m2/repository/com/vaadin/hilla-engine-core/24.6.5/hilla-engine-core-24.6.5.jar:/home/namu/.m2/repository/com/vaadin/hilla-parser-jvm-core/24.6.5/hilla-parser-jvm-core-24.6.5.jar:/home/namu/.m2/repository/io/github/classgraph/classgraph/4.8.179/classgraph-4.8.179.jar:/home/namu/.m2/repository/com/fasterxml/jackson/dataformat/jackson-dataformat-yaml/2.18.2/jackson-dataformat-yaml-2.18.2.jar:/home/namu/.m2/repository/com/vaadin/hilla-parser-jvm-plugin-backbone/24.6.5/hilla-parser-jvm-plugin-backbone-24.6.5.jar:/home/namu/.m2/repository/com/vaadin/hilla-parser-jvm-plugin-nonnull/24.6.5/hilla-parser-jvm-plugin-nonnull-24.6.5.jar:/home/namu/.m2/repository/com/vaadin/hilla-parser-jvm-plugin-subtypes/24.6.5/hilla-parser-jvm-plugin-subtypes-24.6.5.jar:/home/namu/.m2/repository/com/vaadin/hilla-parser-jvm-plugin-model/24.6.5/hilla-parser-jvm-plugin-model-24.6.5.jar:/home/namu/.m2/repository/com/vaadin/hilla-parser-jvm-plugin-transfertypes/24.6.5/hilla-parser-jvm-plugin-transfertypes-24.6.5.jar:/home/namu/.m2/repository/io/projectreactor/reactor-core/3.7.3/reactor-core-3.7.3.jar:/home/namu/.m2/repository/org/reactivestreams/reactive-streams/1.0.4/reactive-streams-1.0.4.jar:/home/namu/.m2/repository/com/fasterxml/jackson/module/jackson-module-parameter-names/2.18.2/jackson-module-parameter-names-2.18.2.jar:/home/namu/.m2/repository/com/fasterxml/jackson/datatype/jackson-datatype-jdk8/2.18.2/jackson-datatype-jdk8-2.18.2.jar:/home/namu/.m2/repository/org/springframework/security/spring-security-core/6.4.3/spring-security-core-6.4.3.jar:/home/namu/.m2/repository/org/springframework/security/spring-security-crypto/6.4.3/spring-security-crypto-6.4.3.jar:/home/namu/.m2/repository/com/github/javaparser/javaparser-symbol-solver-core/3.26.2/javaparser-symbol-solver-core-3.26.2.jar:/home/namu/.m2/repository/com/github/javaparser/javaparser-core/3.26.2/javaparser-core-3.26.2.jar:/home/namu/.m2/repository/com/google/guava/guava/33.3.0-jre/guava-33.3.0-jre.jar:/home/namu/.m2/repository/com/google/guava/failureaccess/1.0.2/failureaccess-1.0.2.jar:/home/namu/.m2/repository/com/google/guava/listenablefuture/9999.0-empty-to-avoid-conflict-with-guava/listenablefuture-9999.0-empty-to-avoid-conflict-with-guava.jar:/home/namu/.m2/repository/org/checkerframework/checker-qual/3.43.0/checker-qual-3.43.0.jar:/home/namu/.m2/repository/com/google/errorprone/error_prone_annotations/2.28.0/error_prone_annotations-2.28.0.jar:/home/namu/.m2/repository/com/google/j2objc/j2objc-annotations/3.0.0/j2objc-annotations-3.0.0.jar:/home/namu/.m2/repository/com/vaadin/hilla-parser-jvm-utils/24.6.5/hilla-parser-jvm-utils-24.6.5.jar:/home/namu/.m2/repository/io/swagger/core/v3/swagger-core/2.2.26/swagger-core-2.2.26.jar:/home/namu/.m2/repository/io/swagger/core/v3/swagger-annotations/2.2.26/swagger-annotations-2.2.26.jar:/home/namu/.m2/repository/io/swagger/core/v3/swagger-models/2.2.26/swagger-models-2.2.26.jar:/home/namu/.m2/repository/com/vaadin/hilla-runtime-plugin-transfertypes/24.6.5/hilla-runtime-plugin-transfertypes-24.6.5.jar:/home/namu/.m2/repository/com/vaadin/hilla-engine-runtime/24.6.5/hilla-engine-runtime-24.6.5.jar:/home/namu/.m2/repository/org/springframework/boot/spring-boot-starter-web/3.4.3/spring-boot-starter-web-3.4.3.jar:/home/namu/.m2/repository/org/springframework/boot/spring-boot-starter-json/3.4.3/spring-boot-starter-json-3.4.3.jar:/home/namu/.m2/repository/org/springframework/boot/spring-boot-starter-tomcat/3.4.3/spring-boot-starter-tomcat-3.4.3.jar:/home/namu/.m2/repository/org/apache/tomcat/embed/tomcat-embed-core/10.1.36/tomcat-embed-core-10.1.36.jar:/home/namu/.m2/repository/org/apache/tomcat/embed/tomcat-embed-el/10.1.36/tomcat-embed-el-10.1.36.jar:/home/namu/.m2/repository/org/apache/tomcat/embed/tomcat-embed-websocket/10.1.36/tomcat-embed-websocket-10.1.36.jar:/home/namu/.m2/repository/org/springframework/spring-web/6.2.3/spring-web-6.2.3.jar:/home/namu/.m2/repository/com/h2database/h2/2.3.232/h2-2.3.232.jar:/home/namu/.m2/repository/org/projectlombok/lombok/1.18.36/lombok-1.18.36.jar:/home/namu/.m2/repository/org/springframework/boot/spring-boot-starter-test/3.4.3/spring-boot-starter-test-3.4.3.jar:/home/namu/.m2/repository/org/springframework/boot/spring-boot-test/3.4.3/spring-boot-test-3.4.3.jar:/home/namu/.m2/repository/org/springframework/boot/spring-boot-test-autoconfigure/3.4.3/spring-boot-test-autoconfigure-3.4.3.jar:/home/namu/.m2/repository/com/jayway/jsonpath/json-path/2.9.0/json-path-2.9.0.jar:/home/namu/.m2/repository/jakarta/xml/bind/jakarta.xml.bind-api/4.0.2/jakarta.xml.bind-api-4.0.2.jar:/home/namu/.m2/repository/jakarta/activation/jakarta.activation-api/2.1.3/jakarta.activation-api-2.1.3.jar:/home/namu/.m2/repository/net/minidev/json-smart/2.5.2/json-smart-2.5.2.jar:/home/namu/.m2/repository/net/minidev/accessors-smart/2.5.2/accessors-smart-2.5.2.jar:/home/namu/.m2/repository/org/assertj/assertj-core/3.26.3/assertj-core-3.26.3.jar:/home/namu/.m2/repository/org/awaitility/awaitility/4.2.2/awaitility-4.2.2.jar:/home/namu/.m2/repository/org/hamcrest/hamcrest/2.2/hamcrest-2.2.jar:/home/namu/.m2/repository/org/junit/jupiter/junit-jupiter/5.11.4/junit-jupiter-5.11.4.jar:/home/namu/.m2/repository/org/junit/jupiter/junit-jupiter-api/5.11.4/junit-jupiter-api-5.11.4.jar:/home/namu/.m2/repository/org/opentest4j/opentest4j/1.3.0/opentest4j-1.3.0.jar:/home/namu/.m2/repository/org/junit/platform/junit-platform-commons/1.11.4/junit-platform-commons-1.11.4.jar:/home/namu/.m2/repository/org/apiguardian/apiguardian-api/1.1.2/apiguardian-api-1.1.2.jar:/home/namu/.m2/repository/org/junit/jupiter/junit-jupiter-params/5.11.4/junit-jupiter-params-5.11.4.jar:/home/namu/.m2/repository/org/junit/jupiter/junit-jupiter-engine/5.11.4/junit-jupiter-engine-5.11.4.jar:/home/namu/.m2/repository/org/junit/platform/junit-platform-engine/1.11.4/junit-platform-engine-1.11.4.jar:/home/namu/.m2/repository/org/mockito/mockito-core/5.14.2/mockito-core-5.14.2.jar:/home/namu/.m2/repository/net/bytebuddy/byte-buddy-agent/1.15.11/byte-buddy-agent-1.15.11.jar:/home/namu/.m2/repository/org/objenesis/objenesis/3.3/objenesis-3.3.jar:/home/namu/.m2/repository/org/mockito/mockito-junit-jupiter/5.14.2/mockito-junit-jupiter-5.14.2.jar:/home/namu/.m2/repository/org/skyscreamer/jsonassert/1.5.3/jsonassert-1.5.3.jar:/home/namu/.m2/repository/com/vaadin/external/google/android-json/0.0.20131108.vaadin1/android-json-0.0.20131108.vaadin1.jar:/home/namu/.m2/repository/org/springframework/spring-core/6.2.3/spring-core-6.2.3.jar:/home/namu/.m2/repository/org/springframework/spring-jcl/6.2.3/spring-jcl-6.2.3.jar:/home/namu/.m2/repository/org/springframework/spring-test/6.2.3/spring-test-6.2.3.jar:/home/namu/.m2/repository/org/xmlunit/xmlunit-core/2.10.0/xmlunit-core-2.10.0.jar:/home/namu/.m2/repository/com/vaadin/vaadin-crud-flow/24.6.5/vaadin-crud-flow-24.6.5.jar:/home/namu/.m2/repository/com/vaadin/vaadin-flow-components-base/24.6.5/vaadin-flow-components-base-24.6.5.jar:/home/namu/.m2/repository/com/vaadin/flow-data/24.6.5/flow-data-24.6.5.jar:/home/namu/.m2/repository/com/vaadin/vaadin-text-field-flow/24.6.5/vaadin-text-field-flow-24.6.5.jar:/home/namu/.m2/repository/com/vaadin/vaadin-grid-flow/24.6.5/vaadin-grid-flow-24.6.5.jar:/home/namu/.m2/repository/com/vaadin/vaadin-context-menu-flow/24.6.5/vaadin-context-menu-flow-24.6.5.jar:/home/namu/.m2/repository/org/apache/commons/commons-lang3/3.17.0/commons-lang3-3.17.0.jar:/home/namu/.m2/repository/com/vaadin/vaadin-button-flow/24.6.5/vaadin-button-flow-24.6.5.jar:/home/namu/.m2/repository/com/vaadin/vaadin-renderer-flow/24.6.5/vaadin-renderer-flow-24.6.5.jar:/home/namu/.m2/repository/com/vaadin/vaadin-date-time-picker-flow/24.6.5/vaadin-date-time-picker-flow-24.6.5.jar:/home/namu/.m2/repository/com/vaadin/vaadin-date-picker-flow/24.6.5/vaadin-date-picker-flow-24.6.5.jar:/home/namu/.m2/repository/com/vaadin/vaadin-time-picker-flow/24.6.5/vaadin-time-picker-flow-24.6.5.jar:/home/namu/.m2/repository/com/vaadin/vaadin-core/24.6.5/vaadin-core-24.6.5.jar:/home/namu/.m2/repository/com/vaadin/vaadin-core-internal/24.6.5/vaadin-core-internal-24.6.5.jar:/home/namu/.m2/repository/com/vaadin/flow-lit-template/24.6.5/flow-lit-template-24.6.5.jar:/home/namu/.m2/repository/com/vaadin/flow-react/24.6.5/flow-react-24.6.5.jar:/home/namu/.m2/repository/com/vaadin/flow-html-components/24.6.5/flow-html-components-24.6.5.jar:/home/namu/.m2/repository/com/vaadin/flow-dnd/24.6.5/flow-dnd-24.6.5.jar:/home/namu/.m2/repository/com/vaadin/vaadin-lumo-theme/24.6.5/vaadin-lumo-theme-24.6.5.jar:/home/namu/.m2/repository/com/vaadin/vaadin-icons-flow/24.6.5/vaadin-icons-flow-24.6.5.jar:/home/namu/.m2/repository/com/vaadin/vaadin-material-theme/24.6.5/vaadin-material-theme-24.6.5.jar:/home/namu/.m2/repository/com/vaadin/vaadin-core-components/24.6.5/vaadin-core-components-24.6.5.jar:/home/namu/.m2/repository/com/vaadin/vaadin-accordion-flow/24.6.5/vaadin-accordion-flow-24.6.5.jar:/home/namu/.m2/repository/com/vaadin/vaadin-avatar-flow/24.6.5/vaadin-avatar-flow-24.6.5.jar:/home/namu/.m2/repository/com/vaadin/vaadin-checkbox-flow/24.6.5/vaadin-checkbox-flow-24.6.5.jar:/home/namu/.m2/repository/com/vaadin/vaadin-combo-box-flow/24.6.5/vaadin-combo-box-flow-24.6.5.jar:/home/namu/.m2/repository/com/vaadin/vaadin-confirm-dialog-flow/24.6.5/vaadin-confirm-dialog-flow-24.6.5.jar:/home/namu/.m2/repository/com/vaadin/vaadin-custom-field-flow/24.6.5/vaadin-custom-field-flow-24.6.5.jar:/home/namu/.m2/repository/com/vaadin/vaadin-details-flow/24.6.5/vaadin-details-flow-24.6.5.jar:/home/namu/.m2/repository/com/vaadin/vaadin-select-flow/24.6.5/vaadin-select-flow-24.6.5.jar:/home/namu/.m2/repository/com/vaadin/vaadin-side-nav-flow/24.6.5/vaadin-side-nav-flow-24.6.5.jar:/home/namu/.m2/repository/com/vaadin/vaadin-dialog-flow/24.6.5/vaadin-dialog-flow-24.6.5.jar:/home/namu/.m2/repository/com/vaadin/vaadin-form-layout-flow/24.6.5/vaadin-form-layout-flow-24.6.5.jar:/home/namu/.m2/repository/com/vaadin/vaadin-field-highlighter-flow/24.6.5/vaadin-field-highlighter-flow-24.6.5.jar:/home/namu/.m2/repository/com/vaadin/vaadin-virtual-list-flow/24.6.5/vaadin-virtual-list-flow-24.6.5.jar:/home/namu/.m2/repository/com/vaadin/vaadin-list-box-flow/24.6.5/vaadin-list-box-flow-24.6.5.jar:/home/namu/.m2/repository/com/vaadin/vaadin-login-flow/24.6.5/vaadin-login-flow-24.6.5.jar:/home/namu/.m2/repository/com/vaadin/vaadin-messages-flow/24.6.5/vaadin-messages-flow-24.6.5.jar:/home/namu/.m2/repository/com/vaadin/vaadin-ordered-layout-flow/24.6.5/vaadin-ordered-layout-flow-24.6.5.jar:/home/namu/.m2/repository/com/vaadin/vaadin-progress-bar-flow/24.6.5/vaadin-progress-bar-flow-24.6.5.jar:/home/namu/.m2/repository/com/vaadin/vaadin-popover-flow/24.6.5/vaadin-popover-flow-24.6.5.jar:/home/namu/.m2/repository/com/vaadin/vaadin-radio-button-flow/24.6.5/vaadin-radio-button-flow-24.6.5.jar:/home/namu/.m2/repository/com/vaadin/vaadin-split-layout-flow/24.6.5/vaadin-split-layout-flow-24.6.5.jar:/home/namu/.m2/repository/com/vaadin/vaadin-tabs-flow/24.6.5/vaadin-tabs-flow-24.6.5.jar:/home/namu/.m2/repository/com/vaadin/vaadin-upload-flow/24.6.5/vaadin-upload-flow-24.6.5.jar:/home/namu/.m2/repository/com/vaadin/vaadin-notification-flow/24.6.5/vaadin-notification-flow-24.6.5.jar:/home/namu/.m2/repository/com/vaadin/vaadin-app-layout-flow/24.6.5/vaadin-app-layout-flow-24.6.5.jar:/home/namu/.m2/repository/com/vaadin/vaadin-menu-bar-flow/24.6.5/vaadin-menu-bar-flow-24.6.5.jar:/home/namu/.m2/repository/com/vaadin/collaboration-engine/6.4.0/collaboration-engine-6.4.0.jar:"/>
    <property name="sun.cpu.endian" value="little"/>
    <property name="user.home" value="/home/namu"/>
    <property name="user.language" value="en"/>
    <property name="java.specification.vendor" value="Oracle Corporation"/>
    <property name="java.version.date" value="2025-01-21"/>
    <property name="java.home" value="/usr/lib/jvm/java-23-openjdk"/>
    <property name="file.separator" value="/"/>
    <property name="basedir" value="/home/namu/Universidad del Quindío/Programación II/Prácticas/GestionEmpleados"/>
    <property name="java.vm.compressedOopsMode" value="32-bit"/>
    <property name="line.separator" value="&#10;"/>
    <property name="java.vm.specification.vendor" value="Oracle Corporation"/>
    <property name="java.specification.name" value="Java Platform API Specification"/>
    <property name="FILE_LOG_CHARSET" value="UTF-8"/>
    <property name="java.awt.headless" value="true"/>
    <property name="surefire.real.class.path" value="/home/namu/Universidad del Quindío/Programación II/Prácticas/GestionEmpleados/target/surefire/surefirebooter-20250225155821109_3.jar"/>
    <property name="sun.management.compiler" value="HotSpot 64-Bit Tiered Compilers"/>
    <property name="java.runtime.version" value="23.0.2"/>
    <property name="user.name" value="namu"/>
    <property name="stdout.encoding" value="UTF-8"/>
    <property name="path.separator" value=":"/>
    <property name="os.version" value="6.13.1-arch1-1"/>
    <property name="java.runtime.name" value="OpenJDK Runtime Environment"/>
    <property name="file.encoding" value="UTF-8"/>
    <property name="java.vm.name" value="OpenJDK 64-Bit Server VM"/>
    <property name="localRepository" value="/home/namu/.m2/repository"/>
    <property name="java.vendor.url.bug" value="https://bugreport.java.com/bugreport/"/>
    <property name="java.io.tmpdir" value="/tmp"/>
    <property name="com.zaxxer.hikari.pool_number" value="1"/>
    <property name="java.version" value="23.0.2"/>
    <property name="user.dir" value="/home/namu/Universidad del Quindío/Programación II/Prácticas/GestionEmpleados"/>
    <property name="os.arch" value="amd64"/>
    <property name="java.vm.specification.name" value="Java Virtual Machine Specification"/>
    <property name="PID" value="26253"/>
    <property name="CONSOLE_LOG_CHARSET" value="UTF-8"/>
    <property name="native.encoding" value="UTF-8"/>
    <property name="java.library.path" value="/usr/java/packages/lib:/usr/lib64:/lib64:/lib:/usr/lib"/>
    <property name="java.vm.info" value="mixed mode, sharing"/>
    <property name="stderr.encoding" value="UTF-8"/>
    <property name="java.vendor" value="Arch Linux"/>
    <property name="java.vm.version" value="23.0.2"/>
    <property name="sun.io.unicode.encoding" value="UnicodeLittle"/>
    <property name="java.class.version" value="67.0"/>
    <property name="LOGGED_APPLICATION_NAME" value="[GestionEmpleados] "/>
  </properties>
  <testcase name="contextLoads" classname="com.unilabs.gestionempleados.GestionEmpleadosApplicationTests" time="1.157">
    <system-out><![CDATA[15:58:25.296 [main] INFO org.springframework.test.context.support.AnnotationConfigContextLoaderUtils -- Could not detect default configuration classes for test class [com.unilabs.gestionempleados.GestionEmpleadosApplicationTests]: GestionEmpleadosApplicationTests does not declare any static, non-private, non-final, nested classes annotated with @Configuration.
15:58:25.859 [main] INFO org.springframework.boot.test.context.SpringBootTestContextBootstrapper -- Found @SpringBootConfiguration com.unilabs.gestionempleados.GestionEmpleadosApplication for test class com.unilabs.gestionempleados.GestionEmpleadosApplicationTests

  .   ____          _            __ _ _
 /\\ / ___'_ __ _ _(_)_ __  __ _ \ \ \ \
( ( )\___ | '_ | '_| | '_ \/ _` | \ \ \ \
 \\/  ___)| |_)| | | | | || (_| |  ) ) ) )
  '  |____| .__|_| |_|_| |_\__, | / / / /
 =========|_|==============|___/=/_/_/_/

 :: Spring Boot ::                (v3.4.3)

2025-02-25T15:58:27.394-05:00  INFO 26253 --- [GestionEmpleados] [           main] c.u.g.GestionEmpleadosApplicationTests   : Starting GestionEmpleadosApplicationTests using Java 23.0.2 with PID 26253 (started by namu in /home/namu/Universidad del Quindío/Programación II/Prácticas/GestionEmpleados)
2025-02-25T15:58:27.398-05:00  INFO 26253 --- [GestionEmpleados] [           main] c.u.g.GestionEmpleadosApplicationTests   : No active profile set, falling back to 1 default profile: "default"
2025-02-25T15:58:30.864-05:00  INFO 26253 --- [GestionEmpleados] [           main] .s.d.r.c.RepositoryConfigurationDelegate : Bootstrapping Spring Data JPA repositories in DEFAULT mode.
2025-02-25T15:58:31.239-05:00  INFO 26253 --- [GestionEmpleados] [           main] .s.d.r.c.RepositoryConfigurationDelegate : Finished Spring Data repository scanning in 352 ms. Found 3 JPA repository interfaces.
2025-02-25T15:58:32.761-05:00  INFO 26253 --- [GestionEmpleados] [           main] com.zaxxer.hikari.HikariDataSource       : HikariPool-1 - Starting...
2025-02-25T15:58:33.220-05:00  INFO 26253 --- [GestionEmpleados] [           main] com.zaxxer.hikari.pool.HikariPool        : HikariPool-1 - Added connection conn0: url=jdbc:h2:mem:gestionempleadosdb user=ADMINGESTIONEMPLEADOS
2025-02-25T15:58:33.224-05:00  INFO 26253 --- [GestionEmpleados] [           main] com.zaxxer.hikari.HikariDataSource       : HikariPool-1 - Start completed.
2025-02-25T15:58:33.460-05:00  INFO 26253 --- [GestionEmpleados] [           main] o.hibernate.jpa.internal.util.LogHelper  : HHH000204: Processing PersistenceUnitInfo [name: default]
2025-02-25T15:58:33.593-05:00  INFO 26253 --- [GestionEmpleados] [           main] org.hibernate.Version                    : HHH000412: Hibernate ORM core version 6.6.8.Final
2025-02-25T15:58:33.725-05:00  INFO 26253 --- [GestionEmpleados] [           main] o.h.c.internal.RegionFactoryInitiator    : HHH000026: Second-level cache disabled
2025-02-25T15:58:34.377-05:00  INFO 26253 --- [GestionEmpleados] [           main] o.s.o.j.p.SpringPersistenceUnitInfo      : No LoadTimeWeaver setup: ignoring JPA class transformer
2025-02-25T15:58:34.571-05:00  INFO 26253 --- [GestionEmpleados] [           main] org.hibernate.orm.connections.pooling    : HHH10001005: Database info:
	Database JDBC URL [Connecting through datasource 'HikariDataSource (HikariPool-1)']
	Database driver: undefined/unknown
	Database version: 2.3.232
	Autocommit mode: undefined/unknown
	Isolation level: undefined/unknown
	Minimum pool size: undefined/unknown
	Maximum pool size: undefined/unknown
2025-02-25T15:58:36.919-05:00  INFO 26253 --- [GestionEmpleados] [           main] o.h.e.t.j.p.i.JtaPlatformInitiator       : HHH000489: No JTA platform available (set 'hibernate.transaction.jta.platform' to enable JTA platform integration)
2025-02-25T15:58:37.028-05:00  INFO 26253 --- [GestionEmpleados] [           main] j.LocalContainerEntityManagerFactoryBean : Initialized JPA EntityManagerFactory for persistence unit 'default'
2025-02-25T15:58:38.255-05:00  WARN 26253 --- [GestionEmpleados] [           main] JpaBaseConfiguration$JpaWebConfiguration : spring.jpa.open-in-view is enabled by default. Therefore, database queries may be performed during view rendering. Explicitly configure spring.jpa.open-in-view to disable this warning
2025-02-25T15:58:38.996-05:00  INFO 26253 --- [GestionEmpleados] [           main] org.atmosphere.cpr.AtmosphereFramework   : Installed AtmosphereHandler com.vaadin.hilla.push.PushEndpoint mapped to context-path: /HILLA/push
2025-02-25T15:58:38.997-05:00  INFO 26253 --- [GestionEmpleados] [           main] org.atmosphere.cpr.AtmosphereFramework   : Installed the following AtmosphereInterceptor mapped to AtmosphereHandler com.vaadin.hilla.push.PushEndpoint
2025-02-25T15:58:38.997-05:00  INFO 26253 --- [GestionEmpleados] [           main] org.atmosphere.cpr.AtmosphereFramework   : 	org.atmosphere.interceptor.AtmosphereResourceLifecycleInterceptor : Atmosphere LifeCycle
2025-02-25T15:58:38.998-05:00  INFO 26253 --- [GestionEmpleados] [           main] org.atmosphere.cpr.AtmosphereFramework   : 	org.atmosphere.client.TrackMessageSizeInterceptor :  Track Message Size Interceptor using |
2025-02-25T15:58:38.998-05:00  INFO 26253 --- [GestionEmpleados] [           main] org.atmosphere.cpr.AtmosphereFramework   : 	org.atmosphere.interceptor.SuspendTrackerInterceptor : UUID Tracking Interceptor
2025-02-25T15:58:39.092-05:00  INFO 26253 --- [GestionEmpleados] [           main] o.s.b.a.h2.H2ConsoleAutoConfiguration    : H2 console available at '/h2-console'. Database available at 'jdbc:h2:mem:gestionempleadosdb'
2025-02-25T15:58:39.290-05:00  INFO 26253 --- [GestionEmpleados] [           main] c.u.g.GestionEmpleadosApplicationTests   : Started GestionEmpleadosApplicationTests in 12.844 seconds (process running for 17.803)
]]></system-out>
    <system-err><![CDATA[Mockito is currently self-attaching to enable the inline-mock-maker. This will no longer work in future releases of the JDK. Please add Mockito as an agent to your build what is described in Mockito's documentation: https://javadoc.io/doc/org.mockito/mockito-core/latest/org/mockito/Mockito.html#0.3
WARNING: A Java agent has been loaded dynamically (/home/namu/.m2/repository/net/bytebuddy/byte-buddy-agent/1.15.11/byte-buddy-agent-1.15.11.jar)
WARNING: If a serviceability tool is in use, please run with -XX:+EnableDynamicAgentLoading to hide this warning
WARNING: If a serviceability tool is not in use, please run with -Djdk.instrument.traceUsage for more information
WARNING: Dynamic loading of agents will be disallowed by default in a future release
]]></system-err>
  </testcase>
</testsuite>